{
  "stats": {
    "suites": 1,
    "tests": 2,
    "passes": 2,
    "pending": 0,
    "failures": 0,
    "start": "2026-02-15T15:51:05.911Z",
    "end": "2026-02-15T15:51:14.391Z",
    "duration": 8480,
    "testsRegistered": 2,
    "passPercent": 100,
    "pendingPercent": 0,
    "other": 0,
    "hasOther": false,
    "skipped": 0,
    "hasSkipped": false
  },
  "results": [
    {
      "uuid": "3eab8145-7449-4f67-9ed1-9664d5e06a26",
      "title": "",
      "fullFile": "C:\\Users\\fauzan\\Documents\\DigitalSkola\\Homework\\Sesi 8\\selenium-mocha\\test.js",
      "file": "\\test.js",
      "beforeHooks": [],
      "afterHooks": [],
      "tests": [],
      "suites": [
        {
          "uuid": "4fefd066-1be1-46b0-8a92-78128dcc038b",
          "title": "SauceDemo Automation Test",
          "fullFile": "C:\\Users\\fauzan\\Documents\\DigitalSkola\\Homework\\Sesi 8\\selenium-mocha\\test.js",
          "file": "\\test.js",
          "beforeHooks": [],
          "afterHooks": [],
          "tests": [
            {
              "title": "TC1 - Chrome: Login & Sort Harga Tertinggi",
              "fullTitle": "SauceDemo Automation Test TC1 - Chrome: Login & Sort Harga Tertinggi",
              "timedOut": false,
              "duration": 5021,
              "state": "passed",
              "speed": "slow",
              "pass": true,
              "fail": false,
              "pending": false,
              "context": null,
              "code": "// === SETUP CHROME ===\nlet options = new chrome.Options();\noptions.addArguments('--incognito');\ndriver = await new Builder()\n    .forBrowser('chrome')\n    .setChromeOptions(options)\n    .build();\n// === BUKA WEBSITE ===\nawait driver.get('https://www.saucedemo.com');\n// === CEK TITLE ===\nconst title = await driver.getTitle();\nassert.strictEqual(title, 'Swag Labs');\n// === LOGIN ===\nawait driver.findElement(By.css('[data-test=\"username\"]'))\n    .sendKeys('standard_user');\nawait driver.findElement(By.css('[data-test=\"password\"]'))\n    .sendKeys('secret_sauce');\nawait driver.findElement(By.css('[data-test=\"login-button\"]'))\n    .click();\n// === TUNGGU CART ===\nlet cart = await driver.wait(\n    until.elementLocated(By.css('[data-test=\"shopping-cart-link\"]')),\n    10000\n);\nawait driver.wait(until.elementIsVisible(cart), 5000);\n// === ASSERT LOGO ===\nlet logoText = await driver.findElement(By.className('app_logo')).getText();\nassert.strictEqual(logoText, 'Swag Labs');\n// === DROPDOWN SORT ===\nlet dropdownSort = await driver.findElement(\n    By.css('[data-test=\"product-sort-container\"]')\n);\nawait dropdownSort.click();\nlet option = await driver.findElement(\n    By.xpath('//option[text()=\"Price (high to low)\"]')\n);\nawait option.click();\n// BIAR KELIHATAN\nawait driver.sleep(2000);\n// === TUTUP CHROME ===\nawait driver.quit();",
              "err": {},
              "uuid": "d148d6e7-e8e6-417f-97bd-1813f6756636",
              "parentUUID": "4fefd066-1be1-46b0-8a92-78128dcc038b",
              "isHook": false,
              "skipped": false
            },
            {
              "title": "TC2 - Edge: Buka Website",
              "fullTitle": "SauceDemo Automation Test TC2 - Edge: Buka Website",
              "timedOut": false,
              "duration": 3449,
              "state": "passed",
              "speed": "slow",
              "pass": true,
              "fail": false,
              "pending": false,
              "context": null,
              "code": "// === SETUP EDGE ===\nlet options = new edge.Options();\n// options.addArguments('--inprivate'); // optional\ndriver = await new Builder()\n    .forBrowser('MicrosoftEdge')\n    .setEdgeOptions(options)\n    .build();\n// === BUKA WEBSITE ===\nawait driver.get('https://www.saucedemo.com');\n// BIAR KELIHATAN\nawait driver.sleep(1000);\n// === TUTUP EDGE ===\nawait driver.quit();",
              "err": {},
              "uuid": "9ee05c8f-e2a1-435c-a103-230f68bcbd1e",
              "parentUUID": "4fefd066-1be1-46b0-8a92-78128dcc038b",
              "isHook": false,
              "skipped": false
            }
          ],
          "suites": [],
          "passes": [
            "d148d6e7-e8e6-417f-97bd-1813f6756636",
            "9ee05c8f-e2a1-435c-a103-230f68bcbd1e"
          ],
          "failures": [],
          "pending": [],
          "skipped": [],
          "duration": 8470,
          "root": false,
          "rootEmpty": false,
          "_timeout": 60000
        }
      ],
      "passes": [],
      "failures": [],
      "pending": [],
      "skipped": [],
      "duration": 0,
      "root": true,
      "rootEmpty": true,
      "_timeout": 60000
    }
  ],
  "meta": {
    "mocha": {
      "version": "10.8.2"
    },
    "mochawesome": {
      "options": {
        "quiet": false,
        "reportFilename": "mochawesome",
        "saveHtml": true,
        "saveJson": true,
        "consoleReporter": "spec",
        "useInlineDiffs": false,
        "code": true
      },
      "version": "7.1.4"
    },
    "marge": {
      "options": null,
      "version": "6.3.2"
    }
  }
}