{
  "stats": {
    "suites": 2,
    "tests": 2,
    "passes": 2,
    "pending": 0,
    "failures": 0,
    "start": "2026-02-12T16:11:12.918Z",
    "end": "2026-02-12T16:11:13.881Z",
    "duration": 963,
    "testsRegistered": 2,
    "passPercent": 100,
    "pendingPercent": 0,
    "other": 0,
    "hasOther": false,
    "skipped": 0,
    "hasSkipped": false
  },
  "results": [
    {
      "uuid": "44dfd46c-aa77-4889-bb11-5632946a7a39",
      "title": "",
      "fullFile": "",
      "file": "",
      "beforeHooks": [],
      "afterHooks": [],
      "tests": [],
      "suites": [
        {
          "uuid": "983d955b-0c63-4e48-bfbf-1d77a4f6b9a0",
          "title": "POST Create User API Test",
          "fullFile": "C:\\Users\\fauzan\\Documents\\DigitalSkola\\Homework\\Sesi 6\\mocha-api-test\\test\\createUser.test.js",
          "file": "\\test\\createUser.test.js",
          "beforeHooks": [],
          "afterHooks": [],
          "tests": [
            {
              "title": "Berhasil membuat user dan valid schema",
              "fullTitle": "POST Create User API Test Berhasil membuat user dan valid schema",
              "timedOut": false,
              "duration": 888,
              "state": "passed",
              "speed": "slow",
              "pass": true,
              "fail": false,
              "pending": false,
              "context": null,
              "code": "const response = await fetch(\n  'https://jsonplaceholder.typicode.com/posts',\n  {\n    method: 'POST',\n    headers: {\n      'Content-Type': 'application/json'\n    },\n    body: JSON.stringify({\n      title: 'Test',\n      body: 'Mocha API',\n      userId: 1\n    })\n  }\n);\nconst body = await response.json();\nexpect(response.status).to.equal(201);\nconst schema = JSON.parse(\n  fs.readFileSync('./schemas/createUser.schema.json', 'utf8')\n);\nconst ajv = new Ajv();\nconst validate = ajv.compile(schema);\nexpect(validate(body)).to.equal(true);",
              "err": {},
              "uuid": "fd26b7e6-4117-45c8-b726-c1ab22eb3874",
              "parentUUID": "983d955b-0c63-4e48-bfbf-1d77a4f6b9a0",
              "isHook": false,
              "skipped": false
            }
          ],
          "suites": [],
          "passes": [
            "fd26b7e6-4117-45c8-b726-c1ab22eb3874"
          ],
          "failures": [],
          "pending": [],
          "skipped": [],
          "duration": 888,
          "root": false,
          "rootEmpty": false,
          "_timeout": 5000
        },
        {
          "uuid": "97e53014-7bbd-4e66-b056-73edb34eba82",
          "title": "GET User API Test",
          "fullFile": "C:\\Users\\fauzan\\Documents\\DigitalSkola\\Homework\\Sesi 6\\mocha-api-test\\test\\getUser.test.js",
          "file": "\\test\\getUser.test.js",
          "beforeHooks": [],
          "afterHooks": [],
          "tests": [
            {
              "title": "Berhasil mengambil data user dan valid schema",
              "fullTitle": "GET User API Test Berhasil mengambil data user dan valid schema",
              "timedOut": false,
              "duration": 67,
              "state": "passed",
              "speed": "medium",
              "pass": true,
              "fail": false,
              "pending": false,
              "context": null,
              "code": "const response = await fetch(\n  'https://jsonplaceholder.typicode.com/users/1'\n);\nconst body = await response.json();\nexpect(response.status).to.equal(200);\nconst schema = JSON.parse(\n  fs.readFileSync('./schemas/getUser.schema.json', 'utf8')\n);\nconst ajv = new Ajv();\nconst validate = ajv.compile(schema);\nexpect(validate(body)).to.equal(true);",
              "err": {},
              "uuid": "c3c8a88f-6846-4af3-a2bb-4b638c62a642",
              "parentUUID": "97e53014-7bbd-4e66-b056-73edb34eba82",
              "isHook": false,
              "skipped": false
            }
          ],
          "suites": [],
          "passes": [
            "c3c8a88f-6846-4af3-a2bb-4b638c62a642"
          ],
          "failures": [],
          "pending": [],
          "skipped": [],
          "duration": 67,
          "root": false,
          "rootEmpty": false,
          "_timeout": 5000
        }
      ],
      "passes": [],
      "failures": [],
      "pending": [],
      "skipped": [],
      "duration": 0,
      "root": true,
      "rootEmpty": true,
      "_timeout": 5000
    }
  ],
  "meta": {
    "mocha": {
      "version": "10.8.2"
    },
    "mochawesome": {
      "options": {
        "quiet": false,
        "reportFilename": "mochawesome",
        "saveHtml": true,
        "saveJson": true,
        "consoleReporter": "spec",
        "useInlineDiffs": false,
        "code": true
      },
      "version": "7.1.4"
    },
    "marge": {
      "options": null,
      "version": "6.3.2"
    }
  }
}